
<!DOCTYPE html>
<html>
	<head>
		<!--
			ExtentReports Library 2.41.0 | http://relevantcodes.com/extentreports-for-selenium/ | https://github.com/anshooarora/
			Copyright (c) 2015, Anshoo Arora (Relevant Codes) | Copyrights licensed under the New BSD License | http://opensource.org/licenses/BSD-3-Clause
			Documentation: http://extentreports.relevantcodes.com 
		-->

		<extent id='d00a27f3-a670-4caa-91b0-d98b8449464a' />
		
		<meta http-equiv='content-type' content='text/html; charset=UTF-8' /> 
		<meta name='description' content='ExtentReports (by Anshoo Arora) is a reporting library for automation testing for .NET and Java. It creates detailed and beautiful HTML reports for modern browsers. ExtentReports shows test and step summary along with dashboards, system and environment details for quick analysis of your tests.' />
		<meta name='robots' content='noodp, noydir' />
		<meta name='viewport' content='width=device-width, initial-scale=1' />
		<meta name='extentx' id='extentx' content='' />
		
		<title>
				ExtentReports 2.0
		</title>
		
		<link href='./extentreports/css/css.css' type='text/css' rel='stylesheet' />
		
		<style>
				
      
        
      
    
		</style>
	</head>
	
	
	<body class='extent standard hide-overflow'>
		<!-- nav -->
		<nav>
			<div class='logo-container'>
				<a class='logo-content' href='http://extentreports.relevantcodes.com'>
					<span>ExtentReports</span>
				</a>
				<a href='#' data-activates='slide-out' class='button-collapse'><i class='fa fa-bars'></i></a>
			</div>
			<ul id='slide-out' class='side-nav fixed hide-on-med-and-down'>
				<li class='analysis waves-effect active'><a href='#!' class='test-view' onclick="_updateCurrentStage(0)"><i class='fa fa-tasks'></i>Test Details</a></li>
				<li class='analysis waves-effect'><a href='#!' class='categories-view' onclick="_updateCurrentStage(1)"><i class='fa fa-tags'></i>Categories</a></li>
				<li class='analysis waves-effect'><a href='#!' class='exceptions-view' onclick="_updateCurrentStage(2)"><i class='fa fa-bug'></i>Exceptions</a></li>
				<li class='analysis waves-effect'><a href='#!' class='dashboard-view'><i class='fa fa-dashboard'></i></i>Analysis</a></li>				
				<li class='analysis waves-effect'><a href='#!' class='testrunner-logs-view'><i class='fa fa-file-text-o'></i>TestRunner Logs</a></li>
			</ul>
			<span class='report-name'></span> <span class='report-headline'>Automation Report</span>
			<ul class='right hide-on-med-and-down nav-right'>
				<li class='theme-selector' alt='Click to toggle dark theme. To enable by default, use js configuration $("body").addClass("dark");' title='Click to toggle dark theme. To enable by default, use js configuration $("body").addClass("dark");'>
					<i class='fa fa-desktop'></i>
				</li>
				<li>
					<span class='suite-started-time'>2018-10-31 15:59:41</span>
				</li>
				<li>
					<span>v2.41.0</span>
				</li>
			</ul>
		</nav>
		<!-- /nav -->
		
		<!-- container -->
		<div class='container'>
			
			<!-- dashboard -->
			<div id='dashboard-view' class='row'>
				<div class='time-totals'>
					<div class='col l2 m4 s6'>
						<div class='card suite-total-tests'> 
							<span class='panel-name'>Total Tests</span> 
							<span class='total-tests'> <span class='panel-lead'></span> </span> 
						</div> 
					</div>
					<div class='col l2 m4 s6'>
						<div class='card suite-total-steps'> 
							<span class='panel-name'>Total Steps</span> 
							<span class='total-steps'> <span class='panel-lead'></span> </span> 
						</div> 
					</div>
					<div class='col l2 m4 s12'>
						<div class='card suite-total-time-current'> 
							<span class='panel-name'>Total Time Taken (Current Run)</span> 
							<span class='suite-total-time-current-value panel-lead'>0h 3m 14s+790ms</span> 
						</div> 
					</div>
					<div class='col l2 m4 s12'>
						<div class='card suite-total-time-overall'> 
							<span class='panel-name'>Total Time Taken (Overall)</span> 
							<span class='suite-total-time-overall-value panel-lead'>0h 3m 14s+790ms</span> 
						</div> 
					</div>
					<div class='col l2 m4 s6 suite-start-time'>
						<div class='card green-accent'> 
							<span class='panel-name'>Start</span> 
							<span class='panel-lead suite-started-time'>2018-10-31 15:56:27</span> 
						</div> 
					</div>
					<div class='col l2 m4 s6 suite-end-time'>
						<div class='card pink-accent'> 
							<span class='panel-name'>End</span> 
							<span class='panel-lead suite-ended-time'>2018-10-31 15:59:41</span> 
						</div> 
					</div>
				</div>
				<div class='charts'>
					<div class='col s12 m6 l4 fh'> 
						<div class='card-panel'> 
							<div>
								<span class='panel-name'>Tests View</span>
							</div> 
							<div class='panel-setting modal-trigger test-count-setting right'>
								<a href='#test-count-setting'><i class='fa fa-ellipsis-v'></i></a>
							</div> 
							<div class='chart-box'>
								<canvas class='text-centered' id='test-analysis'></canvas>
							</div> 
							<div>
								<span class='weight-light'><span class='t-pass-count weight-normal'></span> test(s) passed</span>
							</div> 
							<div>
								<span class='weight-light'><span class='t-fail-count weight-normal'></span> test(s) failed, <span class='t-others-count weight-normal'></span> others</span>
							</div> 
						</div> 
					</div> 
					<div class='col s12 m6 l4 fh'> 
						<div class='card-panel'> 
							<div>
								<span class='panel-name'>Steps View</span>
							</div> 
							<div class='panel-setting modal-trigger step-status-filter right'>
								<a href='#step-status-filter'><i class='fa fa-ellipsis-v'></i></a>
							</div> 
							<div class='chart-box'>
								<canvas class='text-centered' id='step-analysis'></canvas>
							</div> 
							<div>
								<span class='weight-light'><span class='s-pass-count weight-normal'></span> step(s) passed </span>
							</div> 
							<div>
								<span class='weight-light'><span class='s-fail-count weight-normal'></span> step(s) failed, <span class='s-others-count weight-normal'></span> others</span>
							</div> 
						</div> 
					</div>
					<div class='col s12 m12 l4 fh'> 
						<div class='card-panel'> 
							<span class='panel-name'>Pass Percentage</span> 
							<span class='pass-percentage panel-lead'></span> 
							<div class='progress light-blue lighten-3'> 
								<div class='determinate light-blue'></div> 
							</div> 
						</div> 
					</div>
				</div>
				<div class='system-view'>
					<div class='col l4 m12 s12'>
						<div class='card-panel'>
							<span class='label info outline right'>Environment</span>
							<table>
								<thead>
									<tr>
										<th>Param</th>
										<th>Value</th>
									</tr>
								</thead>
								<tbody>
										<tr>
											<td>User Name</td>
											<td>GS-1519</td>
										</tr>
										<tr>
											<td>OS</td>
											<td>Windows 10</td>
										</tr>
										<tr>
											<td>Java Version</td>
											<td>1.8.0_172</td>
										</tr>
										<tr>
											<td>Host Name</td>
											<td>GS-3981</td>
										</tr>
										<tr>
											<td>Environment Name</td>
											<td>fpQaUrl</td>
										</tr>
										<tr>
											<td>Author Name</td>
											<td>Mayuri Wavhal</td>
										</tr>
								</tbody>
							</table>
						</div>
					</div>
				</div>
			</div>
			<!-- /dashboard -->
			
			<!-- tests -->
			<div id='test-view' class='row _addedTable'>
				<div class='col _addedCell1'>
					<div class='contents'>
						<div class='card-panel heading'>
							<h5>Tests</h5>
						</div>
						<div class='card-panel filters'>
							<div>
								<a data-activates='tests-toggle' data-constrainwidth='true' data-beloworigin='true' data-hover='true' href='#' class='dropdown-button button tests-toggle'><i class='fa fa-list icon'></i></a>
								<ul id='tests-toggle' class='dropdown-content'>
									<li class='pass'><a href='#!'>Pass</a></li>
									<li class='fail'><a href='#!'>Fail</a></li>
									<li class='skip'><a href='#!'>Skip</a></li>
									<li class='divider'></li>
									<li class='clear'><a href='#!'>Clear Filters</a></li>
								</ul>
							</div>
							<div>
								<a id='clear-filters' alt='Clear Filters' title='Clear Filters'><i class='fa fa-close icon'></i></a>
							</div>
							<div>&nbsp;&middot;&nbsp;</div>
							<div>
								<a id='enableDashboard' alt='Enable Dashboard' title='Enable Dashboard'><i class='fa fa-pie-chart icon'></i></a>
							</div>
							<div>
								<a id='refreshCharts' alt='Refresh Charts on Filters' title='Refresh Charts on Filters' class='enabled'><i class='fa fa-refresh icon'></i></i></a>
							</div>
							<div>&nbsp;&middot;</div>
							<div class='search' alt='Search Tests' title='Search Tests'>
								<div class='input-field left'>
									<input id='searchTests' type='text' class='validate' placeholder='Search Tests...'>
								</div>
								<i class='fa fa-search icon'></i>
							</div>
						</div>
						<div class='card-panel no-padding-h no-padding-v no-margin-v'>
							<div class='wrapper'>
								<ul id='test-collection' class='test-collection'>
										<li class='collection-item test displayed active fail ' extentid='cc9f0a62-67c3-4240-bae9-6699b1755605'>
											<div class='test-head'>
												<span class='test-name'>public void testcases.NewFPTest.fundWithInvestmentsTest() </span>
												<span class='test-status label right capitalize outline fail'>fail</span>
												<span class='category-assigned hide '></span>
											</div>
											<div class='test-body'>
												<div class='test-info'>
													<span title='Test started time' alt='Test started time' class='test-started-time label green lighten-2 text-white'>2018-10-31 15:59:29</span>
													<span title='Test ended time' alt='Test ended time' class='test-ended-time label red lighten-2 text-white'>2018-10-31 15:59:41</span>
													<span title='Time taken to finish' alt='Time taken to finish' class='test-time-taken label blue-grey lighten-3 text-white'>0h 0m 11s+853ms</span>
												</div>
												<div class='test-desc'></div>
												<div class='test-attributes'>
												</div>
												<div class='test-steps'>
													<table class='bordered table-results'>
														<thead>
															<tr>
																<th>Status</th>
																<th>Timestamp</th>
																<th>Details</th>
															</tr>
														</thead>
														<tbody>
																<tr>
																	<td class='status fail' title='fail' alt='fail'><i class='fa fa-fa fa-times-circle-o'></i></td>
																	<td class='timestamp'>15:59:41</td>
																	<td class='step-details'>Test Case Failed is fundWithInvestmentsTest</td>
																</tr>
																<tr>
																	<td class='status fail' title='fail' alt='fail'><i class='fa fa-fa fa-times-circle-o'></i></td>
																	<td class='timestamp'>15:59:41</td>
																	<td class='step-details'>Test Case Failed is org.openqa.selenium.TimeoutException: Timed out after 5 seconds waiting for element to be clickable: By.id: viewPlan-0-0
Build info: version: '2.53.1', revision: 'a36b8b1cd5757287168e54b817830adce9b0158d', time: '2016-06-30 19:26:09'
System info: host: 'GS-3981', ip: '192.168.56.1', os.name: 'Windows 10', os.arch: 'amd64', os.version: '10.0', java.version: '1.8.0_172'
Driver info: org.openqa.selenium.chrome.ChromeDriver
Capabilities [{applicationCacheEnabled=false, rotatable=false, mobileEmulationEnabled=false, networkConnectionEnabled=false, chrome={chromedriverVersion=2.37.544315 (730aa6a5fdba159ac9f4c1e8cbc59bf1b5ce12b7), userDataDir=C:\Users\GS-1519\AppData\Local\Temp\scoped_dir18624_13425}, takesHeapSnapshot=true, pageLoadStrategy=normal, databaseEnabled=false, handlesAlerts=true, hasTouchScreen=false, version=69.0.3497.100, platform=XP, browserConnectionEnabled=false, nativeEvents=true, acceptSslCerts=false, acceptInsecureCerts=false, locationContextEnabled=true, webStorageEnabled=true, browserName=chrome, takesScreenshot=true, javascriptEnabled=true, cssSelectorsEnabled=true, setWindowRect=true, unexpectedAlertBehaviour=}]
Session ID: b0e9bd6778f52c88583b9f0ed6a38898</td>
																</tr>
														</tbody>
													</table>
													<ul class='collapsible node-list' data-collapsible='accordion'>
													</ul>
												</div>
											</div>
										</li>
										<li class='collection-item test displayed active pass ' extentid='4b7ba301-c5f3-4aed-951a-1cf9ccff2010'>
											<div class='test-head'>
												<span class='test-name'>public void testcases.NewFPTest.financialAdvicePdf() </span>
												<span class='test-status label right capitalize outline pass'>pass</span>
												<span class='category-assigned hide '></span>
											</div>
											<div class='test-body'>
												<div class='test-info'>
													<span title='Test started time' alt='Test started time' class='test-started-time label green lighten-2 text-white'>2018-10-31 15:59:12</span>
													<span title='Test ended time' alt='Test ended time' class='test-ended-time label red lighten-2 text-white'>2018-10-31 15:59:29</span>
													<span title='Time taken to finish' alt='Time taken to finish' class='test-time-taken label blue-grey lighten-3 text-white'>0h 0m 16s+670ms</span>
												</div>
												<div class='test-desc'></div>
												<div class='test-attributes'>
												</div>
												<div class='test-steps'>
													<table class='bordered table-results'>
														<thead>
															<tr>
																<th>Status</th>
																<th>Timestamp</th>
																<th>Details</th>
															</tr>
														</thead>
														<tbody>
																<tr>
																	<td class='status info' title='info' alt='info'><i class='fa fa-fa fa-info-circle'></i></td>
																	<td class='timestamp'>15:59:26</td>
																	<td class='step-details'>Closing current browser window....</td>
																</tr>
																<tr>
																	<td class='status pass' title='pass' alt='pass'><i class='fa fa-fa fa-check-circle-o'></i></td>
																	<td class='timestamp'>15:59:29</td>
																	<td class='step-details'>Test Case Passed is financialAdvicePdf</td>
																</tr>
														</tbody>
													</table>
													<ul class='collapsible node-list' data-collapsible='accordion'>
													</ul>
												</div>
											</div>
										</li>
										<li class='collection-item test displayed active fail ' extentid='4a8c7d91-52bc-405c-b47d-72c2c540361f'>
											<div class='test-head'>
												<span class='test-name'>public void testcases.NewFPTest.medicareBundlesTest() </span>
												<span class='test-status label right capitalize outline fail'>fail</span>
												<span class='category-assigned hide '></span>
											</div>
											<div class='test-body'>
												<div class='test-info'>
													<span title='Test started time' alt='Test started time' class='test-started-time label green lighten-2 text-white'>2018-10-31 15:59:00</span>
													<span title='Test ended time' alt='Test ended time' class='test-ended-time label red lighten-2 text-white'>2018-10-31 15:59:12</span>
													<span title='Time taken to finish' alt='Time taken to finish' class='test-time-taken label blue-grey lighten-3 text-white'>0h 0m 11s+934ms</span>
												</div>
												<div class='test-desc'></div>
												<div class='test-attributes'>
												</div>
												<div class='test-steps'>
													<table class='bordered table-results'>
														<thead>
															<tr>
																<th>Status</th>
																<th>Timestamp</th>
																<th>Details</th>
															</tr>
														</thead>
														<tbody>
																<tr>
																	<td class='status fail' title='fail' alt='fail'><i class='fa fa-fa fa-times-circle-o'></i></td>
																	<td class='timestamp'>15:59:12</td>
																	<td class='step-details'>Test Case Failed is medicareBundlesTest</td>
																</tr>
																<tr>
																	<td class='status fail' title='fail' alt='fail'><i class='fa fa-fa fa-times-circle-o'></i></td>
																	<td class='timestamp'>15:59:12</td>
																	<td class='step-details'>Test Case Failed is org.openqa.selenium.TimeoutException: Timed out after 5 seconds waiting for element to be clickable: By.id: viewPlan-0-0
Build info: version: '2.53.1', revision: 'a36b8b1cd5757287168e54b817830adce9b0158d', time: '2016-06-30 19:26:09'
System info: host: 'GS-3981', ip: '192.168.56.1', os.name: 'Windows 10', os.arch: 'amd64', os.version: '10.0', java.version: '1.8.0_172'
Driver info: org.openqa.selenium.chrome.ChromeDriver
Capabilities [{applicationCacheEnabled=false, rotatable=false, mobileEmulationEnabled=false, networkConnectionEnabled=false, chrome={chromedriverVersion=2.37.544315 (730aa6a5fdba159ac9f4c1e8cbc59bf1b5ce12b7), userDataDir=C:\Users\GS-1519\AppData\Local\Temp\scoped_dir18624_13425}, takesHeapSnapshot=true, pageLoadStrategy=normal, databaseEnabled=false, handlesAlerts=true, hasTouchScreen=false, version=69.0.3497.100, platform=XP, browserConnectionEnabled=false, nativeEvents=true, acceptSslCerts=false, acceptInsecureCerts=false, locationContextEnabled=true, webStorageEnabled=true, browserName=chrome, takesScreenshot=true, javascriptEnabled=true, cssSelectorsEnabled=true, setWindowRect=true, unexpectedAlertBehaviour=}]
Session ID: b0e9bd6778f52c88583b9f0ed6a38898</td>
																</tr>
														</tbody>
													</table>
													<ul class='collapsible node-list' data-collapsible='accordion'>
													</ul>
												</div>
											</div>
										</li>
										<li class='collection-item test displayed active pass ' extentid='d683dd7d-2006-420c-bc95-48bd6a8d7360'>
											<div class='test-head'>
												<span class='test-name'>public void testcases.NewFPTest.createNewPlan(java.lang.String,java.lang.String,java.lang.String,java.lang.String,java.lang.String,java.lang.String,java.lang.String,java.lang.String,java.lang.String,java.lang.String) </span>
												<span class='test-status label right capitalize outline pass'>pass</span>
												<span class='category-assigned hide '></span>
											</div>
											<div class='test-body'>
												<div class='test-info'>
													<span title='Test started time' alt='Test started time' class='test-started-time label green lighten-2 text-white'>2018-10-31 15:58:24</span>
													<span title='Test ended time' alt='Test ended time' class='test-ended-time label red lighten-2 text-white'>2018-10-31 15:59:00</span>
													<span title='Time taken to finish' alt='Time taken to finish' class='test-time-taken label blue-grey lighten-3 text-white'>0h 0m 36s+805ms</span>
												</div>
												<div class='test-desc'></div>
												<div class='test-attributes'>
												</div>
												<div class='test-steps'>
													<table class='bordered table-results'>
														<thead>
															<tr>
																<th>Status</th>
																<th>Timestamp</th>
																<th>Details</th>
															</tr>
														</thead>
														<tbody>
																<tr>
																	<td class='status pass' title='pass' alt='pass'><i class='fa fa-fa fa-check-circle-o'></i></td>
																	<td class='timestamp'>15:59:00</td>
																	<td class='step-details'>Test Case Passed is createNewPlan</td>
																</tr>
														</tbody>
													</table>
													<ul class='collapsible node-list' data-collapsible='accordion'>
													</ul>
												</div>
											</div>
										</li>
										<li class='collection-item test displayed active pass ' extentid='dbc83d3a-47f4-47cd-a018-56b66a32afdc'>
											<div class='test-head'>
												<span class='test-name'>public void testcases.NewFPTest.addNewContentMail() </span>
												<span class='test-status label right capitalize outline pass'>pass</span>
												<span class='category-assigned hide '></span>
											</div>
											<div class='test-body'>
												<div class='test-info'>
													<span title='Test started time' alt='Test started time' class='test-started-time label green lighten-2 text-white'>2018-10-31 15:58:16</span>
													<span title='Test ended time' alt='Test ended time' class='test-ended-time label red lighten-2 text-white'>2018-10-31 15:58:24</span>
													<span title='Time taken to finish' alt='Time taken to finish' class='test-time-taken label blue-grey lighten-3 text-white'>0h 0m 7s+421ms</span>
												</div>
												<div class='test-desc'></div>
												<div class='test-attributes'>
												</div>
												<div class='test-steps'>
													<table class='bordered table-results'>
														<thead>
															<tr>
																<th>Status</th>
																<th>Timestamp</th>
																<th>Details</th>
															</tr>
														</thead>
														<tbody>
																<tr>
																	<td class='status pass' title='pass' alt='pass'><i class='fa fa-fa fa-check-circle-o'></i></td>
																	<td class='timestamp'>15:58:24</td>
																	<td class='step-details'>Test Case Passed is addNewContentMail</td>
																</tr>
																<tr>
																	<td class='status info' title='info' alt='info'><i class='fa fa-fa fa-info-circle'></i></td>
																	<td class='timestamp'>15:58:24</td>
																	<td class='step-details'>Reading New_plan  excel sheet</td>
																</tr>
														</tbody>
													</table>
													<ul class='collapsible node-list' data-collapsible='accordion'>
													</ul>
												</div>
											</div>
										</li>
										<li class='collection-item test displayed active pass ' extentid='a65a4b50-3656-4398-9e56-8234a0c75fb5'>
											<div class='test-head'>
												<span class='test-name'>public void testcases.NewFPTest.helpFileTest() </span>
												<span class='test-status label right capitalize outline pass'>pass</span>
												<span class='category-assigned hide '></span>
											</div>
											<div class='test-body'>
												<div class='test-info'>
													<span title='Test started time' alt='Test started time' class='test-started-time label green lighten-2 text-white'>2018-10-31 15:58:10</span>
													<span title='Test ended time' alt='Test ended time' class='test-ended-time label red lighten-2 text-white'>2018-10-31 15:58:16</span>
													<span title='Time taken to finish' alt='Time taken to finish' class='test-time-taken label blue-grey lighten-3 text-white'>0h 0m 6s+190ms</span>
												</div>
												<div class='test-desc'></div>
												<div class='test-attributes'>
												</div>
												<div class='test-steps'>
													<table class='bordered table-results'>
														<thead>
															<tr>
																<th>Status</th>
																<th>Timestamp</th>
																<th>Details</th>
															</tr>
														</thead>
														<tbody>
																<tr>
																	<td class='status pass' title='pass' alt='pass'><i class='fa fa-fa fa-check-circle-o'></i></td>
																	<td class='timestamp'>15:58:16</td>
																	<td class='step-details'>Test Case Passed is helpFileTest</td>
																</tr>
														</tbody>
													</table>
													<ul class='collapsible node-list' data-collapsible='accordion'>
													</ul>
												</div>
											</div>
										</li>
										<li class='collection-item test displayed active fail ' extentid='8ba4bf70-d90e-4948-ab9f-7f69ce2e37bf'>
											<div class='test-head'>
												<span class='test-name'>public void testcases.NewFPTest.deletePlanTest(java.lang.String,java.lang.String,java.lang.String,java.lang.String,java.lang.String,java.lang.String,java.lang.String,java.lang.String,java.lang.String,java.lang.String) </span>
												<span class='test-status label right capitalize outline fail'>fail</span>
												<span class='category-assigned hide '></span>
											</div>
											<div class='test-body'>
												<div class='test-info'>
													<span title='Test started time' alt='Test started time' class='test-started-time label green lighten-2 text-white'>2018-10-31 15:57:50</span>
													<span title='Test ended time' alt='Test ended time' class='test-ended-time label red lighten-2 text-white'>2018-10-31 15:58:10</span>
													<span title='Time taken to finish' alt='Time taken to finish' class='test-time-taken label blue-grey lighten-3 text-white'>0h 0m 20s+267ms</span>
												</div>
												<div class='test-desc'></div>
												<div class='test-attributes'>
												</div>
												<div class='test-steps'>
													<table class='bordered table-results'>
														<thead>
															<tr>
																<th>Status</th>
																<th>Timestamp</th>
																<th>Details</th>
															</tr>
														</thead>
														<tbody>
																<tr>
																	<td class='status fail' title='fail' alt='fail'><i class='fa fa-fa fa-times-circle-o'></i></td>
																	<td class='timestamp'>15:58:10</td>
																	<td class='step-details'>Test Case Failed is deletePlanTest</td>
																</tr>
																<tr>
																	<td class='status fail' title='fail' alt='fail'><i class='fa fa-fa fa-times-circle-o'></i></td>
																	<td class='timestamp'>15:58:10</td>
																	<td class='step-details'>Test Case Failed is org.openqa.selenium.TimeoutException: Timed out after 10 seconds waiting for presence of element located by: By.id: deletePlan-0
Build info: version: '2.53.1', revision: 'a36b8b1cd5757287168e54b817830adce9b0158d', time: '2016-06-30 19:26:09'
System info: host: 'GS-3981', ip: '192.168.56.1', os.name: 'Windows 10', os.arch: 'amd64', os.version: '10.0', java.version: '1.8.0_172'
Driver info: org.openqa.selenium.chrome.ChromeDriver
Capabilities [{applicationCacheEnabled=false, rotatable=false, mobileEmulationEnabled=false, networkConnectionEnabled=false, chrome={chromedriverVersion=2.37.544315 (730aa6a5fdba159ac9f4c1e8cbc59bf1b5ce12b7), userDataDir=C:\Users\GS-1519\AppData\Local\Temp\scoped_dir18624_13425}, takesHeapSnapshot=true, pageLoadStrategy=normal, databaseEnabled=false, handlesAlerts=true, hasTouchScreen=false, version=69.0.3497.100, platform=XP, browserConnectionEnabled=false, nativeEvents=true, acceptSslCerts=false, acceptInsecureCerts=false, locationContextEnabled=true, webStorageEnabled=true, browserName=chrome, takesScreenshot=true, javascriptEnabled=true, cssSelectorsEnabled=true, setWindowRect=true, unexpectedAlertBehaviour=}]
Session ID: b0e9bd6778f52c88583b9f0ed6a38898</td>
																</tr>
														</tbody>
													</table>
													<ul class='collapsible node-list' data-collapsible='accordion'>
													</ul>
												</div>
											</div>
										</li>
										<li class='collection-item test displayed active fail ' extentid='335cd33a-ad2b-4368-a821-aa0f0afd0a66'>
											<div class='test-head'>
												<span class='test-name'>public void testcases.NewFPTest.editPlanTest(java.lang.String,java.lang.String) </span>
												<span class='test-status label right capitalize outline fail'>fail</span>
												<span class='category-assigned hide '></span>
											</div>
											<div class='test-body'>
												<div class='test-info'>
													<span title='Test started time' alt='Test started time' class='test-started-time label green lighten-2 text-white'>2018-10-31 15:57:29</span>
													<span title='Test ended time' alt='Test ended time' class='test-ended-time label red lighten-2 text-white'>2018-10-31 15:57:50</span>
													<span title='Time taken to finish' alt='Time taken to finish' class='test-time-taken label blue-grey lighten-3 text-white'>0h 0m 20s+551ms</span>
												</div>
												<div class='test-desc'></div>
												<div class='test-attributes'>
												</div>
												<div class='test-steps'>
													<table class='bordered table-results'>
														<thead>
															<tr>
																<th>Status</th>
																<th>Timestamp</th>
																<th>Details</th>
															</tr>
														</thead>
														<tbody>
																<tr>
																	<td class='status fail' title='fail' alt='fail'><i class='fa fa-fa fa-times-circle-o'></i></td>
																	<td class='timestamp'>15:57:50</td>
																	<td class='step-details'>Test Case Failed is editPlanTest</td>
																</tr>
																<tr>
																	<td class='status fail' title='fail' alt='fail'><i class='fa fa-fa fa-times-circle-o'></i></td>
																	<td class='timestamp'>15:57:50</td>
																	<td class='step-details'>Test Case Failed is org.openqa.selenium.TimeoutException: Timed out after 10 seconds waiting for presence of element located by: By.xpath: //*[@id='displayPlanContainer']/tr[1]/td[1]
Build info: version: '2.53.1', revision: 'a36b8b1cd5757287168e54b817830adce9b0158d', time: '2016-06-30 19:26:09'
System info: host: 'GS-3981', ip: '192.168.56.1', os.name: 'Windows 10', os.arch: 'amd64', os.version: '10.0', java.version: '1.8.0_172'
Driver info: org.openqa.selenium.chrome.ChromeDriver
Capabilities [{applicationCacheEnabled=false, rotatable=false, mobileEmulationEnabled=false, networkConnectionEnabled=false, chrome={chromedriverVersion=2.37.544315 (730aa6a5fdba159ac9f4c1e8cbc59bf1b5ce12b7), userDataDir=C:\Users\GS-1519\AppData\Local\Temp\scoped_dir18624_13425}, takesHeapSnapshot=true, pageLoadStrategy=normal, databaseEnabled=false, handlesAlerts=true, hasTouchScreen=false, version=69.0.3497.100, platform=XP, browserConnectionEnabled=false, nativeEvents=true, acceptSslCerts=false, acceptInsecureCerts=false, locationContextEnabled=true, webStorageEnabled=true, browserName=chrome, takesScreenshot=true, javascriptEnabled=true, cssSelectorsEnabled=true, setWindowRect=true, unexpectedAlertBehaviour=}]
Session ID: b0e9bd6778f52c88583b9f0ed6a38898</td>
																</tr>
																<tr>
																	<td class='status info' title='info' alt='info'><i class='fa fa-fa fa-info-circle'></i></td>
																	<td class='timestamp'>15:57:50</td>
																	<td class='step-details'>Reading New_plan  excel sheet</td>
																</tr>
														</tbody>
													</table>
													<ul class='collapsible node-list' data-collapsible='accordion'>
													</ul>
												</div>
											</div>
										</li>
										<li class='collection-item test displayed active pass ' extentid='b7528406-3b60-4ddb-9164-40421d6814c5'>
											<div class='test-head'>
												<span class='test-name'>public void testcases.NewFPTest.HealthcareVideo() </span>
												<span class='test-status label right capitalize outline pass'>pass</span>
												<span class='category-assigned hide '></span>
											</div>
											<div class='test-body'>
												<div class='test-info'>
													<span title='Test started time' alt='Test started time' class='test-started-time label green lighten-2 text-white'>2018-10-31 15:57:05</span>
													<span title='Test ended time' alt='Test ended time' class='test-ended-time label red lighten-2 text-white'>2018-10-31 15:57:28</span>
													<span title='Time taken to finish' alt='Time taken to finish' class='test-time-taken label blue-grey lighten-3 text-white'>0h 0m 23s+169ms</span>
												</div>
												<div class='test-desc'></div>
												<div class='test-attributes'>
												</div>
												<div class='test-steps'>
													<table class='bordered table-results'>
														<thead>
															<tr>
																<th>Status</th>
																<th>Timestamp</th>
																<th>Details</th>
															</tr>
														</thead>
														<tbody>
																<tr>
																	<td class='status info' title='info' alt='info'><i class='fa fa-fa fa-info-circle'></i></td>
																	<td class='timestamp'>15:57:25</td>
																	<td class='step-details'>Loading properties file dataLoading properties file dataLoading properties file dataLoading properties file dataLaunching  chrome browserConducting Sanity Test on fpQaUrl</td>
																</tr>
																<tr>
																	<td class='status info' title='info' alt='info'><i class='fa fa-fa fa-info-circle'></i></td>
																	<td class='timestamp'>15:57:25</td>
																	<td class='step-details'>Closing current browser window....</td>
																</tr>
																<tr>
																	<td class='status pass' title='pass' alt='pass'><i class='fa fa-fa fa-check-circle-o'></i></td>
																	<td class='timestamp'>15:57:28</td>
																	<td class='step-details'>Test Case Passed is HealthcareVideo</td>
																</tr>
																<tr>
																	<td class='status info' title='info' alt='info'><i class='fa fa-fa fa-info-circle'></i></td>
																	<td class='timestamp'>15:57:28</td>
																	<td class='step-details'>Reading Edit_plan  excel sheet</td>
																</tr>
														</tbody>
													</table>
													<ul class='collapsible node-list' data-collapsible='accordion'>
													</ul>
												</div>
											</div>
										</li>
										<li class='collection-item test displayed active fail ' extentid='1d537c82-7081-43ed-b62e-f231aa87cf07'>
											<div class='test-head'>
												<span class='test-name'>public void testcases.NewFPTest.comparePlanTest() </span>
												<span class='test-status label right capitalize outline fail'>fail</span>
												<span class='category-assigned hide '></span>
											</div>
											<div class='test-body'>
												<div class='test-info'>
													<span title='Test started time' alt='Test started time' class='test-started-time label green lighten-2 text-white'>2018-10-31 15:56:36</span>
													<span title='Test ended time' alt='Test ended time' class='test-ended-time label red lighten-2 text-white'>2018-10-31 15:57:05</span>
													<span title='Time taken to finish' alt='Time taken to finish' class='test-time-taken label blue-grey lighten-3 text-white'>0h 0m 28s+827ms</span>
												</div>
												<div class='test-desc'></div>
												<div class='test-attributes'>
												</div>
												<div class='test-steps'>
													<table class='bordered table-results'>
														<thead>
															<tr>
																<th>Status</th>
																<th>Timestamp</th>
																<th>Details</th>
															</tr>
														</thead>
														<tbody>
																<tr>
																	<td class='status fail' title='fail' alt='fail'><i class='fa fa-fa fa-times-circle-o'></i></td>
																	<td class='timestamp'>15:57:05</td>
																	<td class='step-details'>Test Case Failed is comparePlanTest</td>
																</tr>
																<tr>
																	<td class='status fail' title='fail' alt='fail'><i class='fa fa-fa fa-times-circle-o'></i></td>
																	<td class='timestamp'>15:57:05</td>
																	<td class='step-details'>Test Case Failed is org.openqa.selenium.NoSuchElementException: no such element: Unable to locate element: {"method":"xpath","selector":"//*[@id='plan_summary_compare_plans_popup_div']/div/img"}
  (Session info: chrome=69.0.3497.100)
  (Driver info: chromedriver=2.37.544315 (730aa6a5fdba159ac9f4c1e8cbc59bf1b5ce12b7),platform=Windows NT 10.0.14393 x86_64) (WARNING: The server did not provide any stacktrace information)
Command duration or timeout: 10.04 seconds
For documentation on this error, please visit: http://seleniumhq.org/exceptions/no_such_element.html
Build info: version: '2.53.1', revision: 'a36b8b1cd5757287168e54b817830adce9b0158d', time: '2016-06-30 19:26:09'
System info: host: 'GS-3981', ip: '192.168.56.1', os.name: 'Windows 10', os.arch: 'amd64', os.version: '10.0', java.version: '1.8.0_172'
Driver info: org.openqa.selenium.chrome.ChromeDriver
Capabilities [{applicationCacheEnabled=false, rotatable=false, mobileEmulationEnabled=false, networkConnectionEnabled=false, chrome={chromedriverVersion=2.37.544315 (730aa6a5fdba159ac9f4c1e8cbc59bf1b5ce12b7), userDataDir=C:\Users\GS-1519\AppData\Local\Temp\scoped_dir18624_13425}, takesHeapSnapshot=true, pageLoadStrategy=normal, databaseEnabled=false, handlesAlerts=true, hasTouchScreen=false, version=69.0.3497.100, platform=XP, browserConnectionEnabled=false, nativeEvents=true, acceptSslCerts=false, acceptInsecureCerts=false, locationContextEnabled=true, webStorageEnabled=true, browserName=chrome, takesScreenshot=true, javascriptEnabled=true, cssSelectorsEnabled=true, setWindowRect=true, unexpectedAlertBehaviour=}]
Session ID: b0e9bd6778f52c88583b9f0ed6a38898
*** Element info: {Using=xpath, value=//*[@id='plan_summary_compare_plans_popup_div']/div/img}</td>
																</tr>
														</tbody>
													</table>
													<ul class='collapsible node-list' data-collapsible='accordion'>
													</ul>
												</div>
											</div>
										</li>
								</ul>
							</div>
						</div>
					</div>
				</div>
				<div id='test-details-wrapper' class='col _addedCell2'>
					<div class='contents'>
						<div class='card-panel details-view'>
							<h5 class='details-name'></h5>
							<div class='step-filters right'>
								<span class='info' alt='info' title='info'><i class='fa fa-info-circle'></i></span>
								<span class='pass' alt='pass' title='pass'><i class='fa fa-check-circle-o'></i></span>
								<span class='fail' alt='fail' title='fail'><i class='fa fa-times-circle-o'></i></span>
								<span class='fatal' alt='fatal' title='fatal'><i class='fa fa-times-circle-o'></i></span>
								<span class='error' alt='error' title='error'><i class='fa fa-exclamation-circle'></i></span>
								<span class='warning' alt='warning' title='warning'><i class='fa fa-warning'></i></span>
								<span class='skip' alt='skip' title='skip'><i class='fa fa-chevron-circle-right'></i></span>
								<span class='clear-step-filter' alt='Clear filters' title='Clear filters'><i class='fa fa-times'></i></span>
							</div>
							<div class='details-container'>
							</div>
						</div>
					</div>
				</div>
			</div>
			<!-- /tests -->
			
			<!-- categories -->
			<!-- /categories -->
			
			<!-- exceptions -->
			<!-- /exceptions -->
			
			<!-- testrunner logs -->
			<!-- /testrunner logs -->
			
		</div>
		<!-- /container -->
		
		<!-- test dashboard counts setting -->
		<div id='test-count-setting' class='modal bottom-sheet'> 
			<div class='modal-content'> 
				<h5>Configure Tests Count Setting</h5> 
				<input name='test-count-setting' type='radio' id='parentWithoutNodes' class='with-gap'> 
				<label for='parentWithoutNodes'>Parent Tests Only (Does not include child nodes in counts)</label> 
				<br> 
				<input name='test-count-setting' type='radio' id='parentWithoutNodesAndNodes' class='with-gap'> 
				<label for='parentWithoutNodesAndNodes'>Parent Tests Without Child Tests + Child Tests</label> 
				<br> 
				<input name='test-count-setting' type='radio' id='childNodes' class='with-gap'> 
				<label for='childNodes'>Child Tests Only</label> 
			</div> 
			<div class='modal-footer'> 
				<a href='#!' class='modal-action modal-close waves-effect waves-green btn'>Save</a> 
			</div> 
		</div>
		<!-- /test dashboard counts setting -->
		
		<!-- filter for step status -->
		<div id='step-status-filter' class='modal bottom-sheet'> 
			<div class='modal-content'> 
				<h5>Select status</h5> 
				<input checked class='filled-in' type='checkbox' id='step-dashboard-filter-pass'> 
				<label for='step-dashboard-filter-pass'>Pass</label> 
				<br> 
				<input checked class='filled-in' type='checkbox' id='step-dashboard-filter-fail'> 
				<label for='step-dashboard-filter-fail'>Fail</label> 
				<br> 
				<input checked class='filled-in' type='checkbox' id='step-dashboard-filter-fatal'> 
				<label for='step-dashboard-filter-fatal'>Fatal</label> 
				<br> 
				<input checked class='filled-in' type='checkbox' id='step-dashboard-filter-error'> 
				<label for='step-dashboard-filter-error'>Error</label> 
				<br> 
				<input checked class='filled-in' type='checkbox' id='step-dashboard-filter-warning'> 
				<label for='step-dashboard-filter-warning'>Warning</label> 
				<br> 
				<input checked class='filled-in' type='checkbox' id='step-dashboard-filter-skip'> 
				<label for='step-dashboard-filter-skip'>Skipped</label> 
				<br> 
				<input checked class='filled-in' type='checkbox' id='step-dashboard-filter-info'> 
				<label for='step-dashboard-filter-info'>Info</label> 
				<br> 
				<input checked class='filled-in' type='checkbox' id='step-dashboard-filter-unknown'> 
				<label for='step-dashboard-filter-unknown'>Unknown</label> 
			</div>
			<div class='modal-footer'> 
				<a href='#!' class='modal-action modal-close waves-effect waves-green btn'>Save</a> 
			</div> 
		</div>
		<!-- /filter for step status -->
		
		<script type='text/javascript' src='./extentreports/js/scripts.js'></script>		
		<script>jQuery(document).ready(function() { jQuery('.logo span').html('ExtentReports'); });</script>
		<script>
				
      
        $(document).ready(function() {$('.dashboard-view').click();});
    
		</script>
	</body>
</html>